nohup: ignoring input
listening on port:8080
[0mGET / [32m200 [0m8.696 ms - 584[0m
[0mGET / [32m200 [0m1.837 ms - 584[0m
[0mGET / [32m200 [0m1.978 ms - 584[0m
[0mGET / [32m200 [0m1.587 ms - 584[0m
[0mGET / [32m200 [0m3.948 ms - 584[0m
[0mGET / [32m200 [0m1.036 ms - 584[0m
[0mGET / [32m200 [0m0.769 ms - 584[0m
[0mGET / [32m200 [0m0.715 ms - 584[0m
[0mGET / [32m200 [0m0.537 ms - 584[0m
[0mGET / [32m200 [0m0.510 ms - 584[0m
[0mGET / [32m200 [0m0.623 ms - 584[0m
[0mGET / [32m200 [0m0.662 ms - 584[0m
[0mPOST / [33m404 [0m321.032 ms - 1012[0m
[0mGET / [32m200 [0m1.167 ms - 584[0m
[0mGET / [36m304 [0m11.772 ms - -[0m
[0mGET /stylesheets/style.css [36m304 [0m1.509 ms - -[0m
[0mGET /javascripts/main.js [36m304 [0m1.059 ms - -[0m
[0mGET /random_joke [32m200 [0m92.136 ms - 90[0m
[0mGET /chucknoris_joke [32m200 [0m585.252 ms - -[0m
[0mGET /dad_joke [32m200 [0m40.458 ms - 379[0m
[0mGET / [32m200 [0m1.813 ms - 584[0m
[0mGET / [32m200 [0m0.855 ms - 584[0m
[0mGET / [36m304 [0m2.461 ms - -[0m
[0mGET /stylesheets/style.css [36m304 [0m0.336 ms - -[0m
[0mGET /javascripts/main.js [36m304 [0m0.376 ms - -[0m
[0mGET / [32m200 [0m0.556 ms - 584[0m
[0mGET / [32m200 [0m0.818 ms - 584[0m
[0mGET / [32m200 [0m1.049 ms - 584[0m
[0mGET /stylesheets/style.css [32m200 [0m0.501 ms - 731[0m
[0mGET /javascripts/main.js [32m200 [0m0.455 ms - 1459[0m
[0mGET /favicon.ico [33m404 [0m58.467 ms - 1012[0m
[0mGET / [32m200 [0m0.540 ms - 584[0m
[0mGET /stylesheets/style.css [32m200 [0m0.759 ms - 731[0m
[0mGET /javascripts/main.js [32m200 [0m0.346 ms - 1459[0m
[0mGET /favicon.ico [33m404 [0m42.919 ms - 1012[0m
[0mGET /random_joke [32m200 [0m65.018 ms - 116[0m
[0mGET /chucknoris_joke [32m200 [0m856.756 ms - -[0m
[0mGET / [32m200 [0m0.481 ms - 584[0m
[0mGET /stylesheets/style.css [32m200 [0m2.085 ms - 731[0m
[0mGET /javascripts/main.js [32m200 [0m1.532 ms - 1459[0m
[0mGET /favicon.ico [33m404 [0m31.141 ms - 1012[0m
[0mGET /random_joke [32m200 [0m52.980 ms - 102[0m
[0mGET /random_joke [32m200 [0m39.869 ms - 91[0m
[0mGET /random_joke [32m200 [0m27.539 ms - 162[0m
[0mGET /chucknoris_joke [32m200 [0m640.796 ms - -[0m
[0mGET /dad_joke [32m200 [0m143.947 ms - 435[0m
[0mGET /chucknoris_joke [32m200 [0m622.772 ms - -[0m
[0mGET /dad_joke [32m200 [0m23.930 ms - 306[0m
[0mGET /dad_joke [32m200 [0m29.798 ms - 593[0m
[0mGET /chucknoris_joke [32m200 [0m607.520 ms - -[0m
[0mGET / [32m200 [0m0.489 ms - 584[0m
[0mGET /stylesheets/style.css [32m200 [0m0.932 ms - 731[0m
[0mGET /javascripts/main.js [32m200 [0m0.920 ms - 1459[0m
[0mGET /favicon.ico [33m404 [0m20.283 ms - 1012[0m
[0mGET /random_joke [32m200 [0m31.855 ms - 135[0m
[0mGET / [32m200 [0m0.504 ms - 584[0m
[0mGET /stylesheets/style.css [32m200 [0m2.238 ms - 731[0m
[0mGET /javascripts/main.js [32m200 [0m0.618 ms - 1459[0m
[0mGET /favicon.ico [33m404 [0m12.778 ms - 1012[0m
[0mGET /random_joke [32m200 [0m37.453 ms - 90[0m
[0mGET /random_joke [32m200 [0m30.417 ms - 91[0m
[0mGET /random_joke [32m200 [0m39.189 ms - 124[0m
[0mGET /random_joke [32m200 [0m32.683 ms - 126[0m
[0mGET /chucknoris_joke [32m200 [0m677.655 ms - -[0m
[0mGET /chucknoris_joke [32m200 [0m583.205 ms - -[0m
[0mGET /chucknoris_joke [32m200 [0m711.794 ms - -[0m
[0mGET /dad_joke [32m200 [0m56.299 ms - 464[0m
[0mGET /dad_joke [32m200 [0m42.014 ms - 463[0m
[0mGET /dad_joke [32m200 [0m29.663 ms - 429[0m
[0mGET /dad_joke [32m200 [0m38.228 ms - 355[0m
[0mGET / [32m200 [0m0.556 ms - 584[0m
[0mGET /stylesheets/style.css [32m200 [0m0.730 ms - 731[0m
[0mGET /javascripts/main.js [32m200 [0m0.987 ms - 1459[0m
[0mGET /favicon.ico [33m404 [0m8.166 ms - 1012[0m
[0mGET /random_joke [32m200 [0m54.762 ms - 116[0m
[0mGET /random_joke [32m200 [0m27.836 ms - 134[0m
[0mGET /random_joke [32m200 [0m31.599 ms - 105[0m
[0mGET /random_joke [32m200 [0m37.756 ms - 111[0m
[0mGET /random_joke [32m200 [0m25.260 ms - 116[0m
[0mGET /random_joke [32m200 [0m37.293 ms - 107[0m
[0mGET /random_joke [32m200 [0m25.686 ms - 189[0m
[0mGET /random_joke [32m200 [0m23.173 ms - 121[0m
[0mGET /random_joke [32m200 [0m38.277 ms - 162[0m
[0mGET / [32m200 [0m0.473 ms - 584[0m
[0mGET /stylesheets/style.css [32m200 [0m0.953 ms - 731[0m
[0mGET /javascripts/main.js [32m200 [0m0.345 ms - 1459[0m
[0mGET /favicon.ico [33m404 [0m12.366 ms - 1012[0m
[0mGET /random_joke [32m200 [0m35.883 ms - 90[0m
[0mGET /random_joke [32m200 [0m32.805 ms - 142[0m
[0mGET /random_joke [32m200 [0m29.328 ms - 90[0m
[0mGET /chucknoris_joke [32m200 [0m657.199 ms - -[0m
[0mGET /chucknoris_joke [32m200 [0m597.256 ms - -[0m
[0mGET /chucknoris_joke [32m200 [0m570.671 ms - -[0m
[0mGET /dad_joke [32m200 [0m69.994 ms - 387[0m
[0mGET /dad_joke [32m200 [0m20.744 ms - 383[0m
[0mGET /dad_joke [32m200 [0m19.775 ms - 379[0m
[0mGET /dad_joke [32m200 [0m19.424 ms - 485[0m
[0mGET /dad_joke [32m200 [0m45.273 ms - 433[0m
[0mGET / [32m200 [0m0.472 ms - 584[0m
[0mGET /stylesheets/style.css [32m200 [0m0.468 ms - 731[0m
[0mGET /javascripts/main.js [32m200 [0m0.358 ms - 1459[0m
[0mGET /favicon.ico [33m404 [0m13.318 ms - 1012[0m
[0mGET /random_joke [32m200 [0m33.180 ms - 116[0m
[0mGET /chucknoris_joke [32m200 [0m584.741 ms - -[0m
[0mGET /dad_joke [32m200 [0m55.064 ms - 397[0m
[0mGET / [32m200 [0m0.522 ms - 584[0m
[0mGET /stylesheets/style.css [32m200 [0m2.165 ms - 731[0m
[0mGET /javascripts/main.js [32m200 [0m0.785 ms - 1459[0m
[0mGET /favicon.ico [33m404 [0m16.074 ms - 1012[0m
[0mGET /random_joke [32m200 [0m30.229 ms - 121[0m
[0mGET /chucknoris_joke [32m200 [0m641.025 ms - -[0m
[0mGET /dad_joke [32m200 [0m69.592 ms - 369[0m
[0mGET / [32m200 [0m0.467 ms - 584[0m
[0mGET /stylesheets/style.css [32m200 [0m0.510 ms - 731[0m
[0mGET /javascripts/main.js [32m200 [0m0.738 ms - 1459[0m
[0mGET /favicon.ico [33m404 [0m6.939 ms - 1012[0m
[0mGET /random_joke [32m200 [0m35.984 ms - 141[0m
[0mGET /dad_joke [32m200 [0m122.089 ms - 422[0m
[0mGET /chucknoris_joke [32m200 [0m872.722 ms - -[0m
[0mGET /dad_joke [32m200 [0m42.271 ms - 371[0m
[0mGET /dad_joke [32m200 [0m21.728 ms - 433[0m
[0mGET /random_joke [32m200 [0m28.744 ms - 155[0m
[0mGET / [36m304 [0m0.300 ms - -[0m
[0mGET /stylesheets/style.css [36m304 [0m0.666 ms - -[0m
[0mGET /javascripts/main.js [36m304 [0m0.500 ms - -[0m
[0mGET /chucknoris_joke [32m200 [0m592.660 ms - -[0m
[0mGET /dad_joke [32m200 [0m52.509 ms - 359[0m
[0mGET /random_joke [32m200 [0m37.420 ms - 126[0m
[0mGET / [36m304 [0m0.902 ms - -[0m
[0mGET /stylesheets/style.css [36m304 [0m1.098 ms - -[0m
[0mGET /javascripts/main.js [36m304 [0m0.510 ms - -[0m
[0mGET / [32m200 [0m0.825 ms - 584[0m
[0mGET /stylesheets/style.css [32m200 [0m2.284 ms - 731[0m
[0mGET /javascripts/main.js [32m200 [0m1.216 ms - 1459[0m
[0mGET /favicon.ico [33m404 [0m6.854 ms - 1012[0m
[0mGET /random_joke [32m200 [0m48.962 ms - 121[0m
[0mGET /chucknoris_joke [32m200 [0m619.785 ms - -[0m
[0mGET /dad_joke [32m200 [0m92.475 ms - 476[0m
[0mGET /chucknoris_joke [32m200 [0m637.305 ms - -[0m
[0mGET /random_joke [32m200 [0m28.135 ms - 137[0m
[0mGET / [32m200 [0m0.495 ms - 584[0m
[0mGET /stylesheets/style.css [32m200 [0m0.540 ms - 731[0m
[0mGET /javascripts/main.js [32m200 [0m0.427 ms - 1459[0m
[0mGET /favicon.ico [33m404 [0m4.183 ms - 1012[0m
[0mGET /chucknoris_joke [32m200 [0m661.598 ms - -[0m
[0mGET /dad_joke [32m200 [0m21.685 ms - 363[0m
[0mGET /dad_joke [32m200 [0m74.196 ms - 417[0m
[0mGET /random_joke [32m200 [0m37.368 ms - 139[0m
[0mGET / [32m200 [0m0.485 ms - 584[0m
[0mGET /stylesheets/style.css [32m200 [0m0.499 ms - 731[0m
[0mGET /javascripts/main.js [32m200 [0m0.287 ms - 1459[0m
[0mGET /favicon.ico [33m404 [0m8.916 ms - 1012[0m
[0mGET /random_joke [32m200 [0m37.400 ms - 107[0m
[0mGET /chucknoris_joke [32m200 [0m656.883 ms - -[0m
[0mGET /dad_joke [32m200 [0m31.829 ms - 341[0m
[0mGET /chucknoris_joke [32m200 [0m620.208 ms - -[0m
[0mGET /dad_joke [32m200 [0m104.844 ms - 409[0m
[0mGET / [32m200 [0m0.490 ms - 584[0m
[0mGET /stylesheets/style.css [32m200 [0m0.460 ms - 731[0m
[0mGET /javascripts/main.js [32m200 [0m0.366 ms - 1459[0m
[0mGET /favicon.ico [33m404 [0m13.420 ms - 1012[0m
[0mGET / [32m200 [0m0.474 ms - 584[0m
[0mGET /stylesheets/style.css [32m200 [0m0.852 ms - 731[0m
[0mGET /javascripts/main.js [32m200 [0m0.830 ms - 1459[0m
[0mGET /random_joke [32m200 [0m88.254 ms - 137[0m
[0mGET /favicon.ico [33m404 [0m7.536 ms - 1012[0m
[0mGET /chucknoris_joke [32m200 [0m615.219 ms - -[0m
[0mGET /random_joke [32m200 [0m33.364 ms - 160[0m
[0mGET /dad_joke [32m200 [0m27.901 ms - 353[0m
[0mGET /random_joke [32m200 [0m37.548 ms - 130[0m
[0mGET /dad_joke [32m200 [0m186.432 ms - 412[0m
[0mGET /stylesheets/style.css [36m304 [0m0.345 ms - -[0m
[0mGET /javascripts/main.js [36m304 [0m0.299 ms - -[0m
[0mGET /favicon.ico [33m404 [0m8.267 ms - 1012[0m
[0mGET / [32m200 [0m0.507 ms - 584[0m
[0mGET /dad_joke [32m200 [0m34.671 ms - 383[0m
[0mGET / [32m200 [0m0.441 ms - 584[0m
[0mGET / [32m200 [0m0.465 ms - 584[0m
